mode: set
github.com/luciendev/lucien-core/internal/ai/engine.go:58.29,82.44 5 0
github.com/luciendev/lucien-core/internal/ai/engine.go:82.44,84.3 1 0
github.com/luciendev/lucien-core/internal/ai/engine.go:86.2,86.20 1 0
github.com/luciendev/lucien-core/internal/ai/engine.go:89.33,101.2 1 0
github.com/luciendev/lucien-core/internal/ai/engine.go:103.37,104.27 1 0
github.com/luciendev/lucien-core/internal/ai/engine.go:105.15,106.29 1 0
github.com/luciendev/lucien-core/internal/ai/engine.go:107.16,108.30 1 0
github.com/luciendev/lucien-core/internal/ai/engine.go:109.19,110.33 1 0
github.com/luciendev/lucien-core/internal/ai/engine.go:111.10,112.70 1 0
github.com/luciendev/lucien-core/internal/ai/engine.go:116.42,119.30 1 0
github.com/luciendev/lucien-core/internal/ai/engine.go:119.30,122.3 1 0
github.com/luciendev/lucien-core/internal/ai/engine.go:131.2,131.12 1 0
github.com/luciendev/lucien-core/internal/ai/engine.go:134.43,135.27 1 0
github.com/luciendev/lucien-core/internal/ai/engine.go:135.27,137.3 1 0
github.com/luciendev/lucien-core/internal/ai/engine.go:138.2,138.12 1 0
github.com/luciendev/lucien-core/internal/ai/engine.go:141.46,142.27 1 0
github.com/luciendev/lucien-core/internal/ai/engine.go:142.27,144.3 1 0
github.com/luciendev/lucien-core/internal/ai/engine.go:145.2,145.12 1 0
github.com/luciendev/lucien-core/internal/ai/engine.go:149.55,166.27 8 0
github.com/luciendev/lucien-core/internal/ai/engine.go:167.15,168.39 1 0
github.com/luciendev/lucien-core/internal/ai/engine.go:169.16,170.40 1 0
github.com/luciendev/lucien-core/internal/ai/engine.go:171.19,172.43 1 0
github.com/luciendev/lucien-core/internal/ai/engine.go:173.10,174.71 1 0
github.com/luciendev/lucien-core/internal/ai/engine.go:177.2,177.16 1 0
github.com/luciendev/lucien-core/internal/ai/engine.go:177.16,179.3 1 0
github.com/luciendev/lucien-core/internal/ai/engine.go:182.2,193.37 3 0
github.com/luciendev/lucien-core/internal/ai/engine.go:193.37,195.3 1 0
github.com/luciendev/lucien-core/internal/ai/engine.go:197.2,197.22 1 0
github.com/luciendev/lucien-core/internal/ai/engine.go:200.60,205.2 1 0
github.com/luciendev/lucien-core/internal/ai/engine.go:207.68,211.77 2 0
github.com/luciendev/lucien-core/internal/ai/engine.go:211.77,224.3 1 0
github.com/luciendev/lucien-core/internal/ai/engine.go:227.2,227.79 1 0
github.com/luciendev/lucien-core/internal/ai/engine.go:227.79,241.3 1 0
github.com/luciendev/lucien-core/internal/ai/engine.go:244.2,244.121 1 0
github.com/luciendev/lucien-core/internal/ai/engine.go:244.121,258.3 1 0
github.com/luciendev/lucien-core/internal/ai/engine.go:261.2,261.116 1 0
github.com/luciendev/lucien-core/internal/ai/engine.go:261.116,275.3 1 0
github.com/luciendev/lucien-core/internal/ai/engine.go:278.2,278.115 1 0
github.com/luciendev/lucien-core/internal/ai/engine.go:278.115,292.3 1 0
github.com/luciendev/lucien-core/internal/ai/engine.go:295.2,310.49 1 0
github.com/luciendev/lucien-core/internal/ai/engine.go:313.61,314.27 1 0
github.com/luciendev/lucien-core/internal/ai/engine.go:314.27,316.3 1 0
github.com/luciendev/lucien-core/internal/ai/engine.go:319.2,320.44 2 0
github.com/luciendev/lucien-core/internal/ai/engine.go:320.44,325.3 1 0
github.com/luciendev/lucien-core/internal/ai/engine.go:328.2,339.16 4 0
github.com/luciendev/lucien-core/internal/ai/engine.go:339.16,341.3 1 0
github.com/luciendev/lucien-core/internal/ai/engine.go:343.2,347.16 4 0
github.com/luciendev/lucien-core/internal/ai/engine.go:347.16,349.3 1 0
github.com/luciendev/lucien-core/internal/ai/engine.go:350.2,353.16 3 0
github.com/luciendev/lucien-core/internal/ai/engine.go:353.16,355.3 1 0
github.com/luciendev/lucien-core/internal/ai/engine.go:357.2,358.56 2 0
github.com/luciendev/lucien-core/internal/ai/engine.go:358.56,360.3 1 0
github.com/luciendev/lucien-core/internal/ai/engine.go:362.2,362.80 1 0
github.com/luciendev/lucien-core/internal/ai/engine.go:362.80,363.60 1 0
github.com/luciendev/lucien-core/internal/ai/engine.go:363.60,364.69 1 0
github.com/luciendev/lucien-core/internal/ai/engine.go:364.69,365.55 1 0
github.com/luciendev/lucien-core/internal/ai/engine.go:365.55,367.6 1 0
github.com/luciendev/lucien-core/internal/ai/engine.go:372.2,372.65 1 0
github.com/luciendev/lucien-core/internal/ai/engine.go:375.64,378.2 1 0
github.com/luciendev/lucien-core/internal/ai/engine.go:381.53,388.2 5 0
github.com/luciendev/lucien-core/internal/ai/engine.go:391.33,398.2 4 0
github.com/luciendev/lucien-core/internal/ai/engine.go:401.53,407.2 4 0
github.com/luciendev/lucien-core/internal/ai/engine.go:410.53,422.2 3 0
github.com/luciendev/lucien-core/internal/ai/engine.go:424.57,425.42 1 0
github.com/luciendev/lucien-core/internal/ai/engine.go:425.42,427.3 1 0
github.com/luciendev/lucien-core/internal/ai/engine.go:428.2,428.21 1 0
github.com/luciendev/lucien-core/internal/sandbox/manager.go:26.30,38.2 2 0
github.com/luciendev/lucien-core/internal/sandbox/manager.go:49.68,53.44 2 0
github.com/luciendev/lucien-core/internal/sandbox/manager.go:53.44,59.3 1 0
github.com/luciendev/lucien-core/internal/sandbox/manager.go:62.2,62.34 1 0
github.com/luciendev/lucien-core/internal/sandbox/manager.go:62.34,63.13 1 0
github.com/luciendev/lucien-core/internal/sandbox/manager.go:63.13,65.26 2 0
github.com/luciendev/lucien-core/internal/sandbox/manager.go:65.26,67.5 1 0
github.com/luciendev/lucien-core/internal/sandbox/manager.go:72.2,76.16 4 0
github.com/luciendev/lucien-core/internal/sandbox/manager.go:76.16,77.49 1 0
github.com/luciendev/lucien-core/internal/sandbox/manager.go:77.49,78.62 1 0
github.com/luciendev/lucien-core/internal/sandbox/manager.go:78.62,80.5 1 0
github.com/luciendev/lucien-core/internal/sandbox/manager.go:81.9,87.4 1 0
github.com/luciendev/lucien-core/internal/sandbox/manager.go:90.2,93.8 1 0
github.com/luciendev/lucien-core/internal/sandbox/manager.go:96.53,97.22 1 0
github.com/luciendev/lucien-core/internal/sandbox/manager.go:98.15,99.34 1 0
github.com/luciendev/lucien-core/internal/sandbox/manager.go:100.17,101.36 1 0
github.com/luciendev/lucien-core/internal/sandbox/manager.go:102.10,104.39 1 0
github.com/luciendev/lucien-core/internal/sandbox/manager.go:109.58,110.28 1 0
github.com/luciendev/lucien-core/internal/sandbox/manager.go:110.28,112.3 1 0
github.com/luciendev/lucien-core/internal/sandbox/manager.go:118.2,118.12 1 0
github.com/luciendev/lucien-core/internal/sandbox/manager.go:122.60,126.28 1 0
github.com/luciendev/lucien-core/internal/sandbox/manager.go:126.28,128.3 1 0
github.com/luciendev/lucien-core/internal/sandbox/manager.go:131.2,133.12 2 0
github.com/luciendev/lucien-core/internal/sandbox/manager.go:137.63,138.28 1 0
github.com/luciendev/lucien-core/internal/sandbox/manager.go:138.28,140.3 1 0
github.com/luciendev/lucien-core/internal/sandbox/manager.go:145.2,145.12 1 0
github.com/luciendev/lucien-core/internal/sandbox/manager.go:149.45,151.2 1 0
github.com/luciendev/lucien-core/internal/sandbox/manager.go:154.39,156.2 1 0
github.com/luciendev/lucien-core/internal/sandbox/manager.go:159.25,160.22 1 0
github.com/luciendev/lucien-core/internal/sandbox/manager.go:161.36,162.14 1 0
github.com/luciendev/lucien-core/internal/sandbox/manager.go:163.10,164.15 1 0
github.com/luciendev/lucien-core/internal/sandbox/manager.go:169.46,175.22 4 0
github.com/luciendev/lucien-core/internal/sandbox/manager.go:176.15,181.4 1 0
github.com/luciendev/lucien-core/internal/sandbox/manager.go:182.17,186.4 1 0
github.com/luciendev/lucien-core/internal/sandbox/manager.go:187.16,191.4 1 0
github.com/luciendev/lucien-core/internal/sandbox/manager.go:192.10,195.4 1 0
github.com/luciendev/lucien-core/internal/sandbox/manager.go:198.2,198.13 1 0
github.com/luciendev/lucien-core/internal/sandbox/manager.go:202.63,214.22 2 0
github.com/luciendev/lucien-core/internal/sandbox/manager.go:215.17,221.4 1 0
github.com/luciendev/lucien-core/internal/sandbox/manager.go:224.2,224.18 1 0
github.com/luciendev/lucien-core/internal/sandbox/manager.go:228.72,239.31 2 0
github.com/luciendev/lucien-core/internal/sandbox/manager.go:239.31,240.19 1 0
github.com/luciendev/lucien-core/internal/sandbox/manager.go:240.19,242.4 1 0
github.com/luciendev/lucien-core/internal/sandbox/manager.go:246.2,246.27 1 0
github.com/luciendev/lucien-core/internal/sandbox/manager.go:246.27,247.37 1 0
github.com/luciendev/lucien-core/internal/sandbox/manager.go:247.37,249.4 1 0
github.com/luciendev/lucien-core/internal/sandbox/manager.go:252.2,252.12 1 0
github.com/luciendev/lucien-core/internal/sandbox/manager.go:255.49,268.37 2 0
github.com/luciendev/lucien-core/internal/sandbox/manager.go:268.37,271.47 1 0
github.com/luciendev/lucien-core/internal/sandbox/manager.go:271.47,273.4 1 0
github.com/luciendev/lucien-core/internal/sandbox/manager.go:276.2,276.14 1 0
github.com/luciendev/lucien-core/internal/plugin/manager.go:88.37,94.2 1 0
github.com/luciendev/lucien-core/internal/plugin/manager.go:97.39,98.55 1 0
github.com/luciendev/lucien-core/internal/plugin/manager.go:98.55,100.3 1 0
github.com/luciendev/lucien-core/internal/plugin/manager.go:103.2,103.44 1 0
github.com/luciendev/lucien-core/internal/plugin/manager.go:103.44,105.3 1 0
github.com/luciendev/lucien-core/internal/plugin/manager.go:108.2,108.42 1 0
github.com/luciendev/lucien-core/internal/plugin/manager.go:108.42,109.54 1 0
github.com/luciendev/lucien-core/internal/plugin/manager.go:109.54,111.12 2 0
github.com/luciendev/lucien-core/internal/plugin/manager.go:113.3,113.68 1 0
github.com/luciendev/lucien-core/internal/plugin/manager.go:116.2,116.12 1 0
github.com/luciendev/lucien-core/internal/plugin/manager.go:119.43,120.89 1 0
github.com/luciendev/lucien-core/internal/plugin/manager.go:120.89,121.17 1 0
github.com/luciendev/lucien-core/internal/plugin/manager.go:121.17,123.4 1 0
github.com/luciendev/lucien-core/internal/plugin/manager.go:125.3,125.47 1 0
github.com/luciendev/lucien-core/internal/plugin/manager.go:125.47,127.4 1 0
github.com/luciendev/lucien-core/internal/plugin/manager.go:130.3,131.17 2 0
github.com/luciendev/lucien-core/internal/plugin/manager.go:131.17,133.4 1 0
github.com/luciendev/lucien-core/internal/plugin/manager.go:135.3,136.60 2 0
github.com/luciendev/lucien-core/internal/plugin/manager.go:136.60,138.4 1 0
github.com/luciendev/lucien-core/internal/plugin/manager.go:141.3,142.43 2 0
github.com/luciendev/lucien-core/internal/plugin/manager.go:142.43,144.4 1 0
github.com/luciendev/lucien-core/internal/plugin/manager.go:146.3,147.13 2 0
github.com/luciendev/lucien-core/internal/plugin/manager.go:151.69,156.64 3 0
github.com/luciendev/lucien-core/internal/plugin/manager.go:156.64,158.3 1 0
github.com/luciendev/lucien-core/internal/plugin/manager.go:161.2,172.16 3 0
github.com/luciendev/lucien-core/internal/plugin/manager.go:172.16,175.3 2 0
github.com/luciendev/lucien-core/internal/plugin/manager.go:178.2,179.16 2 0
github.com/luciendev/lucien-core/internal/plugin/manager.go:179.16,182.3 2 0
github.com/luciendev/lucien-core/internal/plugin/manager.go:184.2,187.87 2 0
github.com/luciendev/lucien-core/internal/plugin/manager.go:187.87,190.3 2 0
github.com/luciendev/lucien-core/internal/plugin/manager.go:193.2,194.16 2 0
github.com/luciendev/lucien-core/internal/plugin/manager.go:194.16,197.3 2 0
github.com/luciendev/lucien-core/internal/plugin/manager.go:199.2,207.12 3 0
github.com/luciendev/lucien-core/internal/plugin/manager.go:211.93,216.13 4 0
github.com/luciendev/lucien-core/internal/plugin/manager.go:216.13,218.3 1 0
github.com/luciendev/lucien-core/internal/plugin/manager.go:220.2,221.56 2 0
github.com/luciendev/lucien-core/internal/plugin/manager.go:225.50,230.38 4 0
github.com/luciendev/lucien-core/internal/plugin/manager.go:230.38,232.3 1 0
github.com/luciendev/lucien-core/internal/plugin/manager.go:233.2,233.15 1 0
github.com/luciendev/lucien-core/internal/plugin/manager.go:237.57,241.47 3 0
github.com/luciendev/lucien-core/internal/plugin/manager.go:241.47,243.3 1 0
github.com/luciendev/lucien-core/internal/plugin/manager.go:244.2,244.54 1 0
github.com/luciendev/lucien-core/internal/plugin/manager.go:248.51,252.47 3 0
github.com/luciendev/lucien-core/internal/plugin/manager.go:252.47,256.3 3 0
github.com/luciendev/lucien-core/internal/plugin/manager.go:257.2,257.49 1 0
github.com/luciendev/lucien-core/internal/plugin/manager.go:261.38,265.38 3 0
github.com/luciendev/lucien-core/internal/plugin/manager.go:265.38,268.3 2 0
github.com/luciendev/lucien-core/internal/plugin/manager.go:274.81,276.2 1 0
github.com/luciendev/lucien-core/internal/plugin/manager.go:278.96,280.2 1 0
github.com/luciendev/lucien-core/internal/plugin/manager.go:283.98,292.2 4 0
github.com/luciendev/lucien-core/internal/plugin/manager.go:294.46,298.2 3 0
github.com/luciendev/lucien-core/internal/plugin/manager.go:300.69,302.2 1 0
github.com/luciendev/lucien-core/internal/plugin/manager.go:305.83,312.2 2 0
github.com/luciendev/lucien-core/internal/plugin/manager.go:314.70,322.2 2 0
github.com/luciendev/lucien-core/internal/plugin/manager.go:324.94,327.2 1 0
github.com/luciendev/lucien-core/internal/plugin/manager.go:330.69,332.22 2 0
github.com/luciendev/lucien-core/internal/plugin/manager.go:332.22,334.3 1 0
github.com/luciendev/lucien-core/internal/plugin/manager.go:335.2,335.15 1 0
github.com/luciendev/lucien-core/internal/plugin/manager.go:339.57,341.54 2 0
github.com/luciendev/lucien-core/internal/plugin/manager.go:341.54,343.3 1 0
github.com/luciendev/lucien-core/internal/plugin/manager.go:346.2,359.55 4 0
github.com/luciendev/lucien-core/internal/ui/model.go:86.37,87.66 1 0
github.com/luciendev/lucien-core/internal/ui/model.go:87.66,89.3 1 0
github.com/luciendev/lucien-core/internal/ui/model.go:93.62,131.2 12 0
github.com/luciendev/lucien-core/internal/ui/model.go:133.31,135.2 1 0
github.com/luciendev/lucien-core/internal/ui/model.go:137.57,143.27 2 0
github.com/luciendev/lucien-core/internal/ui/model.go:144.25,150.17 6 0
github.com/luciendev/lucien-core/internal/ui/model.go:152.18,153.19 1 0
github.com/luciendev/lucien-core/internal/ui/model.go:154.21,155.22 1 0
github.com/luciendev/lucien-core/internal/ui/model.go:156.21,157.28 1 0
github.com/luciendev/lucien-core/internal/ui/model.go:158.21,160.22 2 0
github.com/luciendev/lucien-core/internal/ui/model.go:163.17,164.21 1 0
github.com/luciendev/lucien-core/internal/ui/model.go:164.21,166.4 1 0
github.com/luciendev/lucien-core/internal/ui/model.go:170.2,177.30 5 0
github.com/luciendev/lucien-core/internal/ui/model.go:180.49,182.19 2 0
github.com/luciendev/lucien-core/internal/ui/model.go:182.19,184.3 1 0
github.com/luciendev/lucien-core/internal/ui/model.go:187.2,191.37 3 0
github.com/luciendev/lucien-core/internal/ui/model.go:191.37,193.3 1 0
github.com/luciendev/lucien-core/internal/ui/model.go:193.8,196.17 2 0
github.com/luciendev/lucien-core/internal/ui/model.go:196.17,199.4 2 0
github.com/luciendev/lucien-core/internal/ui/model.go:199.9,201.27 1 0
github.com/luciendev/lucien-core/internal/ui/model.go:201.27,203.32 2 0
github.com/luciendev/lucien-core/internal/ui/model.go:203.32,204.20 1 0
github.com/luciendev/lucien-core/internal/ui/model.go:204.20,206.7 1 0
github.com/luciendev/lucien-core/internal/ui/model.go:211.4,211.72 1 0
github.com/luciendev/lucien-core/internal/ui/model.go:211.72,214.44 3 0
github.com/luciendev/lucien-core/internal/ui/model.go:214.44,219.6 3 0
github.com/luciendev/lucien-core/internal/ui/model.go:224.2,227.15 3 0
github.com/luciendev/lucien-core/internal/ui/model.go:230.59,232.21 2 0
github.com/luciendev/lucien-core/internal/ui/model.go:232.21,234.3 1 0
github.com/luciendev/lucien-core/internal/ui/model.go:236.2,236.18 1 0
github.com/luciendev/lucien-core/internal/ui/model.go:237.15,238.21 1 0
github.com/luciendev/lucien-core/internal/ui/model.go:238.21,239.49 1 0
github.com/luciendev/lucien-core/internal/ui/model.go:239.49,243.5 2 0
github.com/luciendev/lucien-core/internal/ui/model.go:243.10,245.30 2 0
github.com/luciendev/lucien-core/internal/ui/model.go:245.30,247.6 1 0
github.com/luciendev/lucien-core/internal/ui/model.go:248.5,250.38 1 0
github.com/luciendev/lucien-core/internal/ui/model.go:254.12,255.21 1 0
github.com/luciendev/lucien-core/internal/ui/model.go:255.21,261.18 5 0
github.com/luciendev/lucien-core/internal/ui/model.go:261.18,263.5 1 0
github.com/luciendev/lucien-core/internal/ui/model.go:263.10,266.32 3 0
github.com/luciendev/lucien-core/internal/ui/model.go:266.32,268.6 1 0
github.com/luciendev/lucien-core/internal/ui/model.go:272.14,274.21 2 0
github.com/luciendev/lucien-core/internal/ui/model.go:274.21,277.4 2 0
github.com/luciendev/lucien-core/internal/ui/model.go:277.9,279.4 1 0
github.com/luciendev/lucien-core/internal/ui/model.go:281.15,282.24 1 0
github.com/luciendev/lucien-core/internal/ui/model.go:284.14,285.15 1 0
github.com/luciendev/lucien-core/internal/ui/model.go:288.2,288.10 1 0
github.com/luciendev/lucien-core/internal/ui/model.go:291.27,320.2 2 0
github.com/luciendev/lucien-core/internal/ui/model.go:322.64,327.77 2 0
github.com/luciendev/lucien-core/internal/ui/model.go:327.77,333.3 1 0
github.com/luciendev/lucien-core/internal/ui/model.go:335.2,335.37 1 0
github.com/luciendev/lucien-core/internal/ui/model.go:335.37,341.3 1 0
github.com/luciendev/lucien-core/internal/ui/model.go:343.2,343.20 1 0
github.com/luciendev/lucien-core/internal/ui/model.go:346.30,347.14 1 0
github.com/luciendev/lucien-core/internal/ui/model.go:347.14,349.3 1 0
github.com/luciendev/lucien-core/internal/ui/model.go:352.2,353.20 2 0
github.com/luciendev/lucien-core/internal/ui/model.go:353.20,355.3 1 0
github.com/luciendev/lucien-core/internal/ui/model.go:358.2,370.25 6 0
github.com/luciendev/lucien-core/internal/ui/model.go:370.25,373.3 1 0
github.com/luciendev/lucien-core/internal/ui/model.go:375.2,375.13 1 0
github.com/luciendev/lucien-core/internal/ui/model.go:378.38,381.18 3 0
github.com/luciendev/lucien-core/internal/ui/model.go:381.18,383.3 1 0
github.com/luciendev/lucien-core/internal/ui/model.go:385.2,395.62 4 0
github.com/luciendev/lucien-core/internal/ui/model.go:398.37,405.2 3 0
github.com/luciendev/lucien-core/internal/ui/model.go:407.38,415.2 3 0
github.com/luciendev/lucien-core/internal/ui/model.go:417.44,426.2 3 0
github.com/luciendev/lucien-core/internal/ui/model.go:428.38,434.2 2 0
github.com/luciendev/lucien-core/internal/ui/model.go:436.33,440.2 3 0
github.com/luciendev/lucien-core/internal/ui/model.go:443.49,445.2 1 0
github.com/luciendev/lucien-core/internal/ui/model.go:447.49,449.2 1 0
github.com/luciendev/lucien-core/internal/ui/model.go:451.47,453.2 1 0
github.com/luciendev/lucien-core/internal/ui/model.go:455.49,457.2 1 0
github.com/luciendev/lucien-core/internal/shell/shell.go:60.33,73.38 3 1
github.com/luciendev/lucien-core/internal/shell/shell.go:73.38,75.22 2 1
github.com/luciendev/lucien-core/internal/shell/shell.go:75.22,77.4 1 1
github.com/luciendev/lucien-core/internal/shell/shell.go:81.2,83.14 2 1
github.com/luciendev/lucien-core/internal/shell/shell.go:86.36,95.2 8 1
github.com/luciendev/lucien-core/internal/shell/shell.go:98.67,106.16 4 1
github.com/luciendev/lucien-core/internal/shell/shell.go:106.16,112.3 1 1
github.com/luciendev/lucien-core/internal/shell/shell.go:114.2,114.24 1 1
github.com/luciendev/lucien-core/internal/shell/shell.go:114.24,116.3 1 0
github.com/luciendev/lucien-core/internal/shell/shell.go:119.2,122.20 3 1
github.com/luciendev/lucien-core/internal/shell/shell.go:125.70,133.39 4 1
github.com/luciendev/lucien-core/internal/shell/shell.go:133.39,135.17 2 1
github.com/luciendev/lucien-core/internal/shell/shell.go:135.17,137.4 1 1
github.com/luciendev/lucien-core/internal/shell/shell.go:138.3,138.35 1 1
github.com/luciendev/lucien-core/internal/shell/shell.go:141.2,141.22 1 1
github.com/luciendev/lucien-core/internal/shell/shell.go:144.63,145.18 1 1
github.com/luciendev/lucien-core/internal/shell/shell.go:145.18,147.3 1 1
github.com/luciendev/lucien-core/internal/shell/shell.go:150.2,151.22 2 1
github.com/luciendev/lucien-core/internal/shell/shell.go:151.22,153.3 1 0
github.com/luciendev/lucien-core/internal/shell/shell.go:155.2,162.35 2 1
github.com/luciendev/lucien-core/internal/shell/shell.go:162.35,165.16 2 1
github.com/luciendev/lucien-core/internal/shell/shell.go:166.12,167.25 1 1
github.com/luciendev/lucien-core/internal/shell/shell.go:167.25,170.5 2 1
github.com/luciendev/lucien-core/internal/shell/shell.go:171.12,172.25 1 1
github.com/luciendev/lucien-core/internal/shell/shell.go:172.25,175.5 2 1
github.com/luciendev/lucien-core/internal/shell/shell.go:176.13,177.25 1 1
github.com/luciendev/lucien-core/internal/shell/shell.go:177.25,180.5 2 1
github.com/luciendev/lucien-core/internal/shell/shell.go:181.11,182.38 1 1
github.com/luciendev/lucien-core/internal/shell/shell.go:187.2,187.50 1 1
github.com/luciendev/lucien-core/internal/shell/shell.go:187.50,189.27 2 1
github.com/luciendev/lucien-core/internal/shell/shell.go:189.27,192.4 2 1
github.com/luciendev/lucien-core/internal/shell/shell.go:195.2,195.17 1 1
github.com/luciendev/lucien-core/internal/shell/shell.go:198.49,204.34 5 1
github.com/luciendev/lucien-core/internal/shell/shell.go:204.34,207.10 2 1
github.com/luciendev/lucien-core/internal/shell/shell.go:208.36,209.17 1 1
github.com/luciendev/lucien-core/internal/shell/shell.go:209.17,212.5 2 1
github.com/luciendev/lucien-core/internal/shell/shell.go:212.10,212.32 1 1
github.com/luciendev/lucien-core/internal/shell/shell.go:212.32,215.5 2 1
github.com/luciendev/lucien-core/internal/shell/shell.go:215.10,217.5 1 1
github.com/luciendev/lucien-core/internal/shell/shell.go:219.36,220.16 1 1
github.com/luciendev/lucien-core/internal/shell/shell.go:220.16,222.5 1 1
github.com/luciendev/lucien-core/internal/shell/shell.go:222.10,222.32 1 1
github.com/luciendev/lucien-core/internal/shell/shell.go:222.32,225.5 2 1
github.com/luciendev/lucien-core/internal/shell/shell.go:227.35,228.16 1 1
github.com/luciendev/lucien-core/internal/shell/shell.go:228.16,230.5 1 1
github.com/luciendev/lucien-core/internal/shell/shell.go:230.10,231.26 1 1
github.com/luciendev/lucien-core/internal/shell/shell.go:231.26,234.6 2 0
github.com/luciendev/lucien-core/internal/shell/shell.go:237.5,237.61 1 1
github.com/luciendev/lucien-core/internal/shell/shell.go:237.61,240.6 2 1
github.com/luciendev/lucien-core/internal/shell/shell.go:240.11,242.6 1 1
github.com/luciendev/lucien-core/internal/shell/shell.go:245.11,246.27 1 1
github.com/luciendev/lucien-core/internal/shell/shell.go:250.2,250.23 1 1
github.com/luciendev/lucien-core/internal/shell/shell.go:250.23,252.3 1 1
github.com/luciendev/lucien-core/internal/shell/shell.go:254.2,254.15 1 1
github.com/luciendev/lucien-core/internal/shell/shell.go:257.54,261.32 2 1
github.com/luciendev/lucien-core/internal/shell/shell.go:261.32,264.3 2 1
github.com/luciendev/lucien-core/internal/shell/shell.go:266.2,266.15 1 1
github.com/luciendev/lucien-core/internal/shell/shell.go:269.80,270.24 1 1
github.com/luciendev/lucien-core/internal/shell/shell.go:270.24,272.3 1 1
github.com/luciendev/lucien-core/internal/shell/shell.go:275.2,278.31 3 0
github.com/luciendev/lucien-core/internal/shell/shell.go:278.31,281.26 2 0
github.com/luciendev/lucien-core/internal/shell/shell.go:281.26,286.4 3 0
github.com/luciendev/lucien-core/internal/shell/shell.go:286.9,289.4 1 0
github.com/luciendev/lucien-core/internal/shell/shell.go:292.3,293.17 2 0
github.com/luciendev/lucien-core/internal/shell/shell.go:293.17,295.4 1 0
github.com/luciendev/lucien-core/internal/shell/shell.go:298.2,301.8 1 0
github.com/luciendev/lucien-core/internal/shell/shell.go:304.72,306.55 1 1
github.com/luciendev/lucien-core/internal/shell/shell.go:306.55,308.17 2 0
github.com/luciendev/lucien-core/internal/shell/shell.go:308.17,313.4 1 0
github.com/luciendev/lucien-core/internal/shell/shell.go:314.3,314.15 1 0
github.com/luciendev/lucien-core/internal/shell/shell.go:314.15,319.4 1 0
github.com/luciendev/lucien-core/internal/shell/shell.go:323.2,323.53 1 1
github.com/luciendev/lucien-core/internal/shell/shell.go:323.53,325.3 1 1
github.com/luciendev/lucien-core/internal/shell/shell.go:328.2,328.31 1 1
github.com/luciendev/lucien-core/internal/shell/shell.go:331.73,335.31 2 1
github.com/luciendev/lucien-core/internal/shell/shell.go:335.31,337.3 1 1
github.com/luciendev/lucien-core/internal/shell/shell.go:337.8,339.3 1 0
github.com/luciendev/lucien-core/internal/shell/shell.go:342.2,348.22 3 1
github.com/luciendev/lucien-core/internal/shell/shell.go:348.22,350.3 1 0
github.com/luciendev/lucien-core/internal/shell/shell.go:352.2,355.23 3 1
github.com/luciendev/lucien-core/internal/shell/shell.go:355.23,357.3 1 0
github.com/luciendev/lucien-core/internal/shell/shell.go:357.8,359.3 1 1
github.com/luciendev/lucien-core/internal/shell/shell.go:360.2,363.51 2 1
github.com/luciendev/lucien-core/internal/shell/shell.go:363.51,365.17 2 0
github.com/luciendev/lucien-core/internal/shell/shell.go:365.17,370.4 1 0
github.com/luciendev/lucien-core/internal/shell/shell.go:371.3,372.24 2 0
github.com/luciendev/lucien-core/internal/shell/shell.go:375.2,375.50 1 1
github.com/luciendev/lucien-core/internal/shell/shell.go:375.50,377.17 2 0
github.com/luciendev/lucien-core/internal/shell/shell.go:377.17,382.4 1 0
github.com/luciendev/lucien-core/internal/shell/shell.go:383.3,384.23 2 0
github.com/luciendev/lucien-core/internal/shell/shell.go:388.2,388.32 1 1
github.com/luciendev/lucien-core/internal/shell/shell.go:388.32,390.17 2 0
github.com/luciendev/lucien-core/internal/shell/shell.go:390.17,395.4 1 0
github.com/luciendev/lucien-core/internal/shell/shell.go:397.3,401.9 1 0
github.com/luciendev/lucien-core/internal/shell/shell.go:405.2,408.16 3 1
github.com/luciendev/lucien-core/internal/shell/shell.go:408.16,409.49 1 1
github.com/luciendev/lucien-core/internal/shell/shell.go:409.49,410.62 1 1
github.com/luciendev/lucien-core/internal/shell/shell.go:410.62,412.5 1 1
github.com/luciendev/lucien-core/internal/shell/shell.go:413.9,418.4 1 0
github.com/luciendev/lucien-core/internal/shell/shell.go:421.2,425.8 1 1
github.com/luciendev/lucien-core/internal/shell/shell.go:428.42,430.32 2 1
github.com/luciendev/lucien-core/internal/shell/shell.go:430.32,432.3 1 1
github.com/luciendev/lucien-core/internal/shell/shell.go:433.2,433.12 1 1
github.com/luciendev/lucien-core/internal/shell/shell.go:437.74,440.20 2 1
github.com/luciendev/lucien-core/internal/shell/shell.go:440.20,442.17 2 1
github.com/luciendev/lucien-core/internal/shell/shell.go:442.17,444.4 1 0
github.com/luciendev/lucien-core/internal/shell/shell.go:445.3,445.19 1 1
github.com/luciendev/lucien-core/internal/shell/shell.go:446.8,448.3 1 1
github.com/luciendev/lucien-core/internal/shell/shell.go:451.2,451.19 1 1
github.com/luciendev/lucien-core/internal/shell/shell.go:451.19,453.46 1 0
github.com/luciendev/lucien-core/internal/shell/shell.go:453.46,455.4 1 0
github.com/luciendev/lucien-core/internal/shell/shell.go:455.9,457.4 1 0
github.com/luciendev/lucien-core/internal/shell/shell.go:461.2,461.37 1 1
github.com/luciendev/lucien-core/internal/shell/shell.go:461.37,464.3 2 0
github.com/luciendev/lucien-core/internal/shell/shell.go:467.2,468.16 2 1
github.com/luciendev/lucien-core/internal/shell/shell.go:468.16,470.3 1 0
github.com/luciendev/lucien-core/internal/shell/shell.go:473.2,474.16 2 1
github.com/luciendev/lucien-core/internal/shell/shell.go:474.16,476.3 1 1
github.com/luciendev/lucien-core/internal/shell/shell.go:478.2,478.19 1 1
github.com/luciendev/lucien-core/internal/shell/shell.go:478.19,481.3 1 0
github.com/luciendev/lucien-core/internal/shell/shell.go:484.2,488.42 4 1
github.com/luciendev/lucien-core/internal/shell/shell.go:491.70,492.19 1 1
github.com/luciendev/lucien-core/internal/shell/shell.go:492.19,495.3 1 1
github.com/luciendev/lucien-core/internal/shell/shell.go:497.2,501.77 4 1
github.com/luciendev/lucien-core/internal/shell/shell.go:504.73,505.20 1 1
github.com/luciendev/lucien-core/internal/shell/shell.go:505.20,508.33 2 1
github.com/luciendev/lucien-core/internal/shell/shell.go:508.33,510.4 1 1
github.com/luciendev/lucien-core/internal/shell/shell.go:511.3,511.56 1 1
github.com/luciendev/lucien-core/internal/shell/shell.go:514.2,514.27 1 1
github.com/luciendev/lucien-core/internal/shell/shell.go:514.27,516.22 2 1
github.com/luciendev/lucien-core/internal/shell/shell.go:516.22,519.4 2 1
github.com/luciendev/lucien-core/internal/shell/shell.go:519.9,521.48 1 0
github.com/luciendev/lucien-core/internal/shell/shell.go:521.48,523.5 1 0
github.com/luciendev/lucien-core/internal/shell/shell.go:527.2,527.32 1 1
github.com/luciendev/lucien-core/internal/shell/shell.go:530.70,531.19 1 1
github.com/luciendev/lucien-core/internal/shell/shell.go:531.19,534.40 2 1
github.com/luciendev/lucien-core/internal/shell/shell.go:534.40,536.4 1 1
github.com/luciendev/lucien-core/internal/shell/shell.go:537.3,537.56 1 1
github.com/luciendev/lucien-core/internal/shell/shell.go:540.2,544.93 4 1
github.com/luciendev/lucien-core/internal/shell/shell.go:547.80,549.2 1 1
github.com/luciendev/lucien-core/internal/shell/shell.go:551.63,554.2 2 1
github.com/luciendev/lucien-core/internal/shell/shell.go:556.70,560.19 3 1
github.com/luciendev/lucien-core/internal/shell/shell.go:560.19,561.59 1 1
github.com/luciendev/lucien-core/internal/shell/shell.go:561.59,563.17 2 1
github.com/luciendev/lucien-core/internal/shell/shell.go:563.17,565.5 1 0
github.com/luciendev/lucien-core/internal/shell/shell.go:569.2,569.42 1 1
github.com/luciendev/lucien-core/internal/shell/shell.go:569.42,571.3 1 1
github.com/luciendev/lucien-core/internal/shell/shell.go:573.2,573.55 1 1
github.com/luciendev/lucien-core/internal/shell/shell.go:576.63,578.19 2 0
github.com/luciendev/lucien-core/internal/shell/shell.go:578.19,579.53 1 0
github.com/luciendev/lucien-core/internal/shell/shell.go:579.53,581.4 1 0
github.com/luciendev/lucien-core/internal/shell/shell.go:584.2,585.32 2 0
